dropbox: load fq extension '/home/donagh/.dropbox-dist/dropbox-lnx.x86_64-219.4.4463/cryptography.hazmat.bindings._openssl.abi3.so'
dropbox: load fq extension '/home/donagh/.dropbox-dist/dropbox-lnx.x86_64-219.4.4463/cryptography.hazmat.bindings._padding.abi3.so'
dropbox: load fq extension '/home/donagh/.dropbox-dist/dropbox-lnx.x86_64-219.4.4463/apex._apex.abi3.so'
dropbox: load fq extension '/home/donagh/.dropbox-dist/dropbox-lnx.x86_64-219.4.4463/psutil._psutil_linux.cpython-38-x86_64-linux-gnu.so'
dropbox: load fq extension '/home/donagh/.dropbox-dist/dropbox-lnx.x86_64-219.4.4463/psutil._psutil_posix.cpython-38-x86_64-linux-gnu.so'
dropbox: load fq extension '/home/donagh/.dropbox-dist/dropbox-lnx.x86_64-219.4.4463/google._upb._message.cpython-38-x86_64-linux-gnu.so'
<frozen zipimport>:259: UserWarning: google.protobuf.service module is deprecated. RPC implementations should provide code generator plugins which generate code specific to the RPC implementation. service.py will be removed in Jan 2025
dropbox: load fq extension '/home/donagh/.dropbox-dist/dropbox-lnx.x86_64-219.4.4463/tornado.speedups.cpython-38-x86_64-linux-gnu.so'
dropbox: load fq extension '/home/donagh/.dropbox-dist/dropbox-lnx.x86_64-219.4.4463/wrapt._wrappers.cpython-38-x86_64-linux-gnu.so'
dropbox: load fq extension '/tmp/.dropbox-dist-new-6g0wkzf8/.dropbox-dist/dropbox-lnx.x86_64-220.4.4126/cryptography.hazmat.bindings._openssl.abi3.so'
dropbox: load fq extension '/tmp/.dropbox-dist-new-6g0wkzf8/.dropbox-dist/dropbox-lnx.x86_64-220.4.4126/cryptography.hazmat.bindings._padding.abi3.so'
dropbox: load fq extension '/tmp/.dropbox-dist-new-6g0wkzf8/.dropbox-dist/dropbox-lnx.x86_64-220.4.4126/apex._apex.abi3.so'
dropbox: load fq extension '/tmp/.dropbox-dist-new-6g0wkzf8/.dropbox-dist/dropbox-lnx.x86_64-220.4.4126/psutil._psutil_linux.cpython-38-x86_64-linux-gnu.so'
dropbox: load fq extension '/tmp/.dropbox-dist-new-6g0wkzf8/.dropbox-dist/dropbox-lnx.x86_64-220.4.4126/psutil._psutil_posix.cpython-38-x86_64-linux-gnu.so'
dropbox: load fq extension '/tmp/.dropbox-dist-new-6g0wkzf8/.dropbox-dist/dropbox-lnx.x86_64-220.4.4126/google._upb._message.cpython-38-x86_64-linux-gnu.so'
<frozen zipimport>:259: UserWarning: google.protobuf.service module is deprecated. RPC implementations should provide code generator plugins which generate code specific to the RPC implementation. service.py will be removed in Jan 2025
dropbox: load fq extension '/tmp/.dropbox-dist-new-6g0wkzf8/.dropbox-dist/dropbox-lnx.x86_64-220.4.4126/tornado.speedups.cpython-38-x86_64-linux-gnu.so'
dropbox: load fq extension '/tmp/.dropbox-dist-new-6g0wkzf8/.dropbox-dist/dropbox-lnx.x86_64-220.4.4126/wrapt._wrappers.cpython-38-x86_64-linux-gnu.so'
dropbox: load fq extension '/home/donagh/.dropbox-dist/dropbox-lnx.x86_64-220.4.4126/cryptography.hazmat.bindings._openssl.abi3.so'
dropbox: load fq extension '/home/donagh/.dropbox-dist/dropbox-lnx.x86_64-220.4.4126/cryptography.hazmat.bindings._padding.abi3.so'
dropbox: load fq extension '/home/donagh/.dropbox-dist/dropbox-lnx.x86_64-220.4.4126/apex._apex.abi3.so'
dropbox: load fq extension '/home/donagh/.dropbox-dist/dropbox-lnx.x86_64-220.4.4126/psutil._psutil_linux.cpython-38-x86_64-linux-gnu.so'
dropbox: load fq extension '/home/donagh/.dropbox-dist/dropbox-lnx.x86_64-220.4.4126/psutil._psutil_posix.cpython-38-x86_64-linux-gnu.so'
dropbox: load fq extension '/home/donagh/.dropbox-dist/dropbox-lnx.x86_64-220.4.4126/google._upb._message.cpython-38-x86_64-linux-gnu.so'
<frozen zipimport>:259: UserWarning: google.protobuf.service module is deprecated. RPC implementations should provide code generator plugins which generate code specific to the RPC implementation. service.py will be removed in Jan 2025
dropbox: load fq extension '/home/donagh/.dropbox-dist/dropbox-lnx.x86_64-220.4.4126/tornado.speedups.cpython-38-x86_64-linux-gnu.so'
dropbox: load fq extension '/home/donagh/.dropbox-dist/dropbox-lnx.x86_64-220.4.4126/wrapt._wrappers.cpython-38-x86_64-linux-gnu.so'
dropbox: load fq extension '/tmp/.dropbox-dist-new-2f4kgxfw/.dropbox-dist/dropbox-lnx.x86_64-221.4.5365/cryptography.hazmat.bindings._openssl.abi3.so'
dropbox: load fq extension '/tmp/.dropbox-dist-new-2f4kgxfw/.dropbox-dist/dropbox-lnx.x86_64-221.4.5365/cryptography.hazmat.bindings._padding.abi3.so'
dropbox: load fq extension '/tmp/.dropbox-dist-new-2f4kgxfw/.dropbox-dist/dropbox-lnx.x86_64-221.4.5365/apex._apex.abi3.so'
dropbox: load fq extension '/tmp/.dropbox-dist-new-2f4kgxfw/.dropbox-dist/dropbox-lnx.x86_64-221.4.5365/psutil._psutil_linux.cpython-38-x86_64-linux-gnu.so'
dropbox: load fq extension '/tmp/.dropbox-dist-new-2f4kgxfw/.dropbox-dist/dropbox-lnx.x86_64-221.4.5365/psutil._psutil_posix.cpython-38-x86_64-linux-gnu.so'
dropbox: load fq extension '/tmp/.dropbox-dist-new-2f4kgxfw/.dropbox-dist/dropbox-lnx.x86_64-221.4.5365/google._upb._message.cpython-38-x86_64-linux-gnu.so'
<frozen zipimport>:259: UserWarning: google.protobuf.service module is deprecated. RPC implementations should provide code generator plugins which generate code specific to the RPC implementation. service.py will be removed in Jan 2025
dropbox: load fq extension '/tmp/.dropbox-dist-new-2f4kgxfw/.dropbox-dist/dropbox-lnx.x86_64-221.4.5365/tornado.speedups.cpython-38-x86_64-linux-gnu.so'
dropbox: load fq extension '/tmp/.dropbox-dist-new-2f4kgxfw/.dropbox-dist/dropbox-lnx.x86_64-221.4.5365/wrapt._wrappers.cpython-38-x86_64-linux-gnu.so'
dropbox: load fq extension '/home/donagh/.dropbox-dist/dropbox-lnx.x86_64-221.4.5365/cryptography.hazmat.bindings._openssl.abi3.so'
dropbox: load fq extension '/home/donagh/.dropbox-dist/dropbox-lnx.x86_64-221.4.5365/cryptography.hazmat.bindings._padding.abi3.so'
dropbox: load fq extension '/home/donagh/.dropbox-dist/dropbox-lnx.x86_64-221.4.5365/apex._apex.abi3.so'
dropbox: load fq extension '/home/donagh/.dropbox-dist/dropbox-lnx.x86_64-221.4.5365/psutil._psutil_linux.cpython-38-x86_64-linux-gnu.so'
dropbox: load fq extension '/home/donagh/.dropbox-dist/dropbox-lnx.x86_64-221.4.5365/psutil._psutil_posix.cpython-38-x86_64-linux-gnu.so'
dropbox: load fq extension '/home/donagh/.dropbox-dist/dropbox-lnx.x86_64-221.4.5365/google._upb._message.cpython-38-x86_64-linux-gnu.so'
<frozen zipimport>:259: UserWarning: google.protobuf.service module is deprecated. RPC implementations should provide code generator plugins which generate code specific to the RPC implementation. service.py will be removed in Jan 2025
dropbox: load fq extension '/home/donagh/.dropbox-dist/dropbox-lnx.x86_64-221.4.5365/tornado.speedups.cpython-38-x86_64-linux-gnu.so'
dropbox: load fq extension '/home/donagh/.dropbox-dist/dropbox-lnx.x86_64-221.4.5365/wrapt._wrappers.cpython-38-x86_64-linux-gnu.so'
