dropbox: load fq extension '/home/donagh/.dropbox-dist/dropbox-lnx.x86_64-223.4.4909/cryptography.hazmat.bindings._openssl.abi3.so'
dropbox: load fq extension '/home/donagh/.dropbox-dist/dropbox-lnx.x86_64-223.4.4909/cryptography.hazmat.bindings._padding.abi3.so'
dropbox: load fq extension '/home/donagh/.dropbox-dist/dropbox-lnx.x86_64-223.4.4909/apex._apex.abi3.so'
dropbox: load fq extension '/home/donagh/.dropbox-dist/dropbox-lnx.x86_64-223.4.4909/psutil._psutil_linux.cpython-38-x86_64-linux-gnu.so'
dropbox: load fq extension '/home/donagh/.dropbox-dist/dropbox-lnx.x86_64-223.4.4909/psutil._psutil_posix.cpython-38-x86_64-linux-gnu.so'
dropbox: load fq extension '/home/donagh/.dropbox-dist/dropbox-lnx.x86_64-223.4.4909/google._upb._message.cpython-38-x86_64-linux-gnu.so'
<frozen zipimport>:259: UserWarning: google.protobuf.service module is deprecated. RPC implementations should provide code generator plugins which generate code specific to the RPC implementation. service.py will be removed in Jan 2025
dropbox: load fq extension '/home/donagh/.dropbox-dist/dropbox-lnx.x86_64-223.4.4909/tornado.speedups.cpython-38-x86_64-linux-gnu.so'
dropbox: load fq extension '/home/donagh/.dropbox-dist/dropbox-lnx.x86_64-223.4.4909/wrapt._wrappers.cpython-38-x86_64-linux-gnu.so'
dropbox: load fq extension '/tmp/.dropbox-dist-new-uef2uzoz/.dropbox-dist/dropbox-lnx.x86_64-224.4.4811/cryptography.hazmat.bindings._openssl.abi3.so'
dropbox: load fq extension '/tmp/.dropbox-dist-new-uef2uzoz/.dropbox-dist/dropbox-lnx.x86_64-224.4.4811/cryptography.hazmat.bindings._padding.abi3.so'
dropbox: load fq extension '/tmp/.dropbox-dist-new-uef2uzoz/.dropbox-dist/dropbox-lnx.x86_64-224.4.4811/apex._apex.abi3.so'
dropbox: load fq extension '/tmp/.dropbox-dist-new-uef2uzoz/.dropbox-dist/dropbox-lnx.x86_64-224.4.4811/psutil._psutil_linux.cpython-38-x86_64-linux-gnu.so'
dropbox: load fq extension '/tmp/.dropbox-dist-new-uef2uzoz/.dropbox-dist/dropbox-lnx.x86_64-224.4.4811/psutil._psutil_posix.cpython-38-x86_64-linux-gnu.so'
dropbox: load fq extension '/tmp/.dropbox-dist-new-uef2uzoz/.dropbox-dist/dropbox-lnx.x86_64-224.4.4811/google._upb._message.cpython-38-x86_64-linux-gnu.so'
<frozen zipimport>:259: UserWarning: google.protobuf.service module is deprecated. RPC implementations should provide code generator plugins which generate code specific to the RPC implementation. service.py will be removed in Jan 2025
dropbox: load fq extension '/tmp/.dropbox-dist-new-uef2uzoz/.dropbox-dist/dropbox-lnx.x86_64-224.4.4811/tornado.speedups.cpython-38-x86_64-linux-gnu.so'
dropbox: load fq extension '/tmp/.dropbox-dist-new-uef2uzoz/.dropbox-dist/dropbox-lnx.x86_64-224.4.4811/wrapt._wrappers.cpython-38-x86_64-linux-gnu.so'
dropbox: load fq extension '/home/donagh/.dropbox-dist/dropbox-lnx.x86_64-224.4.4811/cryptography.hazmat.bindings._openssl.abi3.so'
dropbox: load fq extension '/home/donagh/.dropbox-dist/dropbox-lnx.x86_64-224.4.4811/cryptography.hazmat.bindings._padding.abi3.so'
dropbox: load fq extension '/home/donagh/.dropbox-dist/dropbox-lnx.x86_64-224.4.4811/apex._apex.abi3.so'
dropbox: load fq extension '/home/donagh/.dropbox-dist/dropbox-lnx.x86_64-224.4.4811/psutil._psutil_linux.cpython-38-x86_64-linux-gnu.so'
dropbox: load fq extension '/home/donagh/.dropbox-dist/dropbox-lnx.x86_64-224.4.4811/psutil._psutil_posix.cpython-38-x86_64-linux-gnu.so'
dropbox: load fq extension '/home/donagh/.dropbox-dist/dropbox-lnx.x86_64-224.4.4811/google._upb._message.cpython-38-x86_64-linux-gnu.so'
<frozen zipimport>:259: UserWarning: google.protobuf.service module is deprecated. RPC implementations should provide code generator plugins which generate code specific to the RPC implementation. service.py will be removed in Jan 2025
dropbox: load fq extension '/home/donagh/.dropbox-dist/dropbox-lnx.x86_64-224.4.4811/tornado.speedups.cpython-38-x86_64-linux-gnu.so'
dropbox: load fq extension '/home/donagh/.dropbox-dist/dropbox-lnx.x86_64-224.4.4811/wrapt._wrappers.cpython-38-x86_64-linux-gnu.so'
